[browser] Detected `scroll-behavior: smooth` on the `<html>` element. To disable smooth scrolling during route transitions, add `data-scroll-behavior="smooth"` to your <html> element. Learn more: https://nextjs.org/docs/messages/missing-data-scroll-behavior
[browser] Detected `scroll-behavior: smooth` on the `<html>` element. To disable smooth scrolling during route transitions, add `data-scroll-behavior="smooth"` to your <html> element. Learn more: https://nextjs.org/docs/messages/missing-data-scroll-behavior
[browser] Detected `scroll-behavior: smooth` on the `<html>` element. To disable smooth scrolling during route transitions, add `data-scroll-behavior="smooth"` to your <html> element. Learn more: https://nextjs.org/docs/messages/missing-data-scroll-behavior
[browser] Uncaught Error: ./app/dashboard/page.tsx:316:43
Unexpected token. Did you mean `{'>'}` or `&gt;`?
  314 |                               </span>
  315 |                               <span className="text-xs text-text-secondary transition-col...
> 316 |                                 Terminal ->
      |                                           ^
  317 |                               </span>
  318 |                             </div>
  319 |                           </Link>

Parsing ecmascript source code failed

Import traces:
  Client Component Browser:
    ./app/dashboard/page.tsx [Client Component Browser]
    ./app/dashboard/page.tsx [Server Component]

  Client Component SSR:
    ./app/dashboard/page.tsx [Client Component SSR]
    ./app/dashboard/page.tsx [Server Component]


    at <unknown> (Error: ./app/dashboard/page.tsx:316:43)
    at <unknown> (Error: (./app/dashboard/page.tsx:316:43)
[browser] Uncaught Error: ./app/dashboard/page.tsx:316:43
Unexpected token. Did you mean `{'>'}` or `&gt;`?
  314 |                               </span>
  315 |                               <span className="text-xs text-text-secondary transition-col...
> 316 |                                 Terminal ->
      |                                           ^
  317 |                               </span>
  318 |                             </div>
  319 |                           </Link>

Parsing ecmascript source code failed

Import traces:
  Client Component Browser:
    ./app/dashboard/page.tsx [Client Component Browser]
    ./app/dashboard/page.tsx [Server Component]

  Client Component SSR:
    ./app/dashboard/page.tsx [Client Component SSR]
    ./app/dashboard/page.tsx [Server Component]


    at <unknown> (Error: ./app/dashboard/page.tsx:316:43)
    at <unknown> (Error: (./app/dashboard/page.tsx:316:43)
[browser] Uncaught Error: ./app/dashboard/page.tsx:316:43
Unexpected token. Did you mean `{'>'}` or `&gt;`?
  314 |                               </span>
  315 |                               <span className="text-xs text-text-secondary transition-col...
> 316 |                                 Terminal ->
      |                                           ^
  317 |                               </span>
  318 |                             </div>
  319 |                           </Link>

Parsing ecmascript source code failed

Import traces:
  Client Component Browser:
    ./app/dashboard/page.tsx [Client Component Browser]
    ./app/dashboard/page.tsx [Server Component]

  Client Component SSR:
    ./app/dashboard/page.tsx [Client Component SSR]
    ./app/dashboard/page.tsx [Server Component]


    at <unknown> (Error: ./app/dashboard/page.tsx:316:43)
    at <unknown> (Error: (./app/dashboard/page.tsx:316:43)
[browser] Uncaught Error: ./app/dashboard/page.tsx:316:43
Unexpected token. Did you mean `{'>'}` or `&gt;`?
  314 |                               </span>
  315 |                               <span className="text-xs text-text-secondary transition-col...
> 316 |                                 Terminal ->
      |                                           ^
  317 |                               </span>
  318 |                             </div>
  319 |                           </Link>

Parsing ecmascript source code failed

Import traces:
  Client Component Browser:
    ./app/dashboard/page.tsx [Client Component Browser]
    ./app/dashboard/page.tsx [Server Component]

  Client Component SSR:
    ./app/dashboard/page.tsx [Client Component SSR]
    ./app/dashboard/page.tsx [Server Component]


    at <unknown> (Error: ./app/dashboard/page.tsx:316:43)
    at <unknown> (Error: (./app/dashboard/page.tsx:316:43)
[browser] Uncaught Error: ./app/dashboard/page.tsx:316:43
Unexpected token. Did you mean `{'>'}` or `&gt;`?
  314 |                               </span>
  315 |                               <span className="text-xs text-text-secondary transition-col...
> 316 |                                 Terminal ->
      |                                           ^
  317 |                               </span>
  318 |                             </div>
  319 |                           </Link>

Parsing ecmascript source code failed

Import traces:
  Client Component Browser:
    ./app/dashboard/page.tsx [Client Component Browser]
    ./app/dashboard/page.tsx [Server Component]

  Client Component SSR:
    ./app/dashboard/page.tsx [Client Component SSR]
    ./app/dashboard/page.tsx [Server Component]


    at <unknown> (Error: ./app/dashboard/page.tsx:316:43)
    at <unknown> (Error: (./app/dashboard/page.tsx:316:43)
[browser] Uncaught Error: ./app/dashboard/page.tsx:316:43
Unexpected token. Did you mean `{'>'}` or `&gt;`?
  314 |                               </span>
  315 |                               <span className="text-xs text-text-secondary transition-col...
> 316 |                                 Terminal ->
      |                                           ^
  317 |                               </span>
  318 |                             </div>
  319 |                           </Link>

Parsing ecmascript source code failed

Import traces:
  Client Component Browser:
    ./app/dashboard/page.tsx [Client Component Browser]
    ./app/dashboard/page.tsx [Server Component]

  Client Component SSR:
    ./app/dashboard/page.tsx [Client Component SSR]
    ./app/dashboard/page.tsx [Server Component]


    at <unknown> (Error: ./app/dashboard/page.tsx:316:43)
    at <unknown> (Error: (./app/dashboard/page.tsx:316:43)
[browser] Detected `scroll-behavior: smooth` on the `<html>` element. To disable smooth scrolling during route transitions, add `data-scroll-behavior="smooth"` to your <html> element. Learn more: https://nextjs.org/docs/messages/missing-data-scroll-behavior
⨯ ./app/dashboard/accounts/[id]/page.tsx:62:25
Return statement is not allowed here
  [90m60 |[0m   [36mfor[0m ([36mconst[0m [column, value] [36mof[0m ids) {
  [90m61 |[0m     [36mconst[0m { data, error } = [36mawait[0m client.[36mfrom[0m(table).select([32m'*'[0m).eq(column, value)
[31m[1m>[0m [90m62 |[0m     [36mif[0m (!error && data) [36mreturn[0m data
  [90m   |[0m                         [31m[1m^^^^^^^^^^^[0m
  [90m63 |[0m   }
  [90m64 |[0m   [36mreturn[0m []
  [90m65 |[0m }

Parsing ecmascript source code failed

Import traces:
  Client Component Browser:
    ./app/dashboard/accounts/[id]/page.tsx [Client Component Browser]
    ./app/dashboard/accounts/[id]/page.tsx [Server Component]

  Client Component SSR:
    ./app/dashboard/accounts/[id]/page.tsx [Client Component SSR]
    ./app/dashboard/accounts/[id]/page.tsx [Server Component]



./app/dashboard/accounts/[id]/page.tsx:64:3
Return statement is not allowed here
  [90m62 |[0m     [36mif[0m (!error && data) [36mreturn[0m data
  [90m63 |[0m   }
[31m[1m>[0m [90m64 |[0m   [36mreturn[0m []
  [90m   |[0m   [31m[1m^^^^^^^^^[0m
  [90m65 |[0m }
  [90m66 |[0m
  [90m67 |[0m [36masync[0m [36mfunction[0m fetchTerminalData(account: [33mUserChallenge[0m): [33mPromise[0m<[33mTerminalData[0m> {

Parsing ecmascript source code failed

Import traces:
  Client Component Browser:
    ./app/dashboard/accounts/[id]/page.tsx [Client Component Browser]
    ./app/dashboard/accounts/[id]/page.tsx [Server Component]

  Client Component SSR:
    ./app/dashboard/accounts/[id]/page.tsx [Client Component SSR]
    ./app/dashboard/accounts/[id]/page.tsx [Server Component]


⨯ ./app/dashboard/accounts/[id]/page.tsx:62:25
Return statement is not allowed here
  [90m60 |[0m   [36mfor[0m ([36mconst[0m [column, value] [36mof[0m ids) {
  [90m61 |[0m     [36mconst[0m { data, error } = [36mawait[0m client.[36mfrom[0m(table).select([32m'*'[0m).eq(column, value)
[31m[1m>[0m [90m62 |[0m     [36mif[0m (!error && data) [36mreturn[0m data
  [90m   |[0m                         [31m[1m^^^^^^^^^^^[0m
  [90m63 |[0m   }
  [90m64 |[0m   [36mreturn[0m []
  [90m65 |[0m }

Parsing ecmascript source code failed

Import traces:
  Client Component Browser:
    ./app/dashboard/accounts/[id]/page.tsx [Client Component Browser]
    ./app/dashboard/accounts/[id]/page.tsx [Server Component]

  Client Component SSR:
    ./app/dashboard/accounts/[id]/page.tsx [Client Component SSR]
    ./app/dashboard/accounts/[id]/page.tsx [Server Component]



./app/dashboard/accounts/[id]/page.tsx:64:3
Return statement is not allowed here
  [90m62 |[0m     [36mif[0m (!error && data) [36mreturn[0m data
  [90m63 |[0m   }
[31m[1m>[0m [90m64 |[0m   [36mreturn[0m []
  [90m   |[0m   [31m[1m^^^^^^^^^[0m
  [90m65 |[0m }
  [90m66 |[0m
  [90m67 |[0m [36masync[0m [36mfunction[0m fetchTerminalData(account: [33mUserChallenge[0m): [33mPromise[0m<[33mTerminalData[0m> {

Parsing ecmascript source code failed

Import traces:
  Client Component Browser:
    ./app/dashboard/accounts/[id]/page.tsx [Client Component Browser]
    ./app/dashboard/accounts/[id]/page.tsx [Server Component]

  Client Component SSR:
    ./app/dashboard/accounts/[id]/page.tsx [Client Component SSR]
    ./app/dashboard/accounts/[id]/page.tsx [Server Component]


⨯ ./app/dashboard/accounts/[id]/page.tsx:62:25
Return statement is not allowed here
  [90m60 |[0m   [36mfor[0m ([36mconst[0m [column, value] [36mof[0m ids) {
  [90m61 |[0m     [36mconst[0m { data, error } = [36mawait[0m client.[36mfrom[0m(table).select([32m'*'[0m).eq(column, value)
[31m[1m>[0m [90m62 |[0m     [36mif[0m (!error && data) [36mreturn[0m data
  [90m   |[0m                         [31m[1m^^^^^^^^^^^[0m
  [90m63 |[0m   }
  [90m64 |[0m   [36mreturn[0m []
  [90m65 |[0m }

Parsing ecmascript source code failed

Import traces:
  Client Component Browser:
    ./app/dashboard/accounts/[id]/page.tsx [Client Component Browser]
    ./app/dashboard/accounts/[id]/page.tsx [Server Component]

  Client Component SSR:
    ./app/dashboard/accounts/[id]/page.tsx [Client Component SSR]
    ./app/dashboard/accounts/[id]/page.tsx [Server Component]



./app/dashboard/accounts/[id]/page.tsx:64:3
Return statement is not allowed here
  [90m62 |[0m     [36mif[0m (!error && data) [36mreturn[0m data
  [90m63 |[0m   }
[31m[1m>[0m [90m64 |[0m   [36mreturn[0m []
  [90m   |[0m   [31m[1m^^^^^^^^^[0m
  [90m65 |[0m }
  [90m66 |[0m
  [90m67 |[0m [36masync[0m [36mfunction[0m fetchTerminalData(account: [33mUserChallenge[0m): [33mPromise[0m<[33mTerminalData[0m> {

Parsing ecmascript source code failed

Import traces:
  Client Component Browser:
    ./app/dashboard/accounts/[id]/page.tsx [Client Component Browser]
    ./app/dashboard/accounts/[id]/page.tsx [Server Component]

  Client Component SSR:
    ./app/dashboard/accounts/[id]/page.tsx [Client Component SSR]
    ./app/dashboard/accounts/[id]/page.tsx [Server Component]


[browser] Uncaught Error: ./app/dashboard/accounts/[id]/page.tsx:64:3
Return statement is not allowed here
  62 |     if (!error && data) return data
  63 |   }
> 64 |   return []
     |   ^^^^^^^^^
  65 | }
  66 |
  67 | async function fetchTerminalData(account: UserChallenge): Promise<TerminalData> {

Parsing ecmascript source code failed

Import traces:
  Client Component Browser:
    ./app/dashboard/accounts/[id]/page.tsx [Client Component Browser]
    ./app/dashboard/accounts/[id]/page.tsx [Server Component]

  Client Component SSR:
    ./app/dashboard/accounts/[id]/page.tsx [Client Component SSR]
    ./app/dashboard/accounts/[id]/page.tsx [Server Component]


    at <unknown> (Error: ./app/dashboard/accounts/[id]/page.tsx:64:3)
    at <unknown> (Error: (./app/dashboard/accounts/[id]/page.tsx:64:3)
[browser] Uncaught Error: ./app/dashboard/accounts/[id]/page.tsx:64:3
Return statement is not allowed here
  62 |     if (!error && data) return data
  63 |   }
> 64 |   return []
     |   ^^^^^^^^^
  65 | }
  66 |
  67 | async function fetchTerminalData(account: UserChallenge): Promise<TerminalData> {

Parsing ecmascript source code failed

Import traces:
  Client Component Browser:
    ./app/dashboard/accounts/[id]/page.tsx [Client Component Browser]
    ./app/dashboard/accounts/[id]/page.tsx [Server Component]

  Client Component SSR:
    ./app/dashboard/accounts/[id]/page.tsx [Client Component SSR]
    ./app/dashboard/accounts/[id]/page.tsx [Server Component]


    at <unknown> (Error: ./app/dashboard/accounts/[id]/page.tsx:64:3)
    at <unknown> (Error: (./app/dashboard/accounts/[id]/page.tsx:64:3)
[browser] Uncaught Error: ./app/dashboard/accounts/[id]/page.tsx:64:3
Return statement is not allowed here
  62 |     if (!error && data) return data
  63 |   }
> 64 |   return []
     |   ^^^^^^^^^
  65 | }
  66 |
  67 | async function fetchTerminalData(account: UserChallenge): Promise<TerminalData> {

Parsing ecmascript source code failed

Import traces:
  Client Component Browser:
    ./app/dashboard/accounts/[id]/page.tsx [Client Component Browser]
    ./app/dashboard/accounts/[id]/page.tsx [Server Component]

  Client Component SSR:
    ./app/dashboard/accounts/[id]/page.tsx [Client Component SSR]
    ./app/dashboard/accounts/[id]/page.tsx [Server Component]


    at <unknown> (Error: ./app/dashboard/accounts/[id]/page.tsx:64:3)
    at <unknown> (Error: (./app/dashboard/accounts/[id]/page.tsx:64:3)
[browser] ./app/dashboard/accounts/[id]/page.tsx:64:3
Return statement is not allowed here
  62 |     if (!error && data) return data
  63 |   }
> 64 |   return []
     |   ^^^^^^^^^
  65 | }
  66 |
  67 | async function fetchTerminalData(account: UserChallenge): Promise<TerminalData> {

Parsing ecmascript source code failed

Import traces:
  Client Component Browser:
    ./app/dashboard/accounts/[id]/page.tsx [Client Component Browser]
    ./app/dashboard/accounts/[id]/page.tsx [Server Component]

  Client Component SSR:
    ./app/dashboard/accounts/[id]/page.tsx [Client Component SSR]
    ./app/dashboard/accounts/[id]/page.tsx [Server Component] 
[browser] ./app/dashboard/accounts/[id]/page.tsx:64:3
Return statement is not allowed here
  62 |     if (!error && data) return data
  63 |   }
> 64 |   return []
     |   ^^^^^^^^^
  65 | }
  66 |
  67 | async function fetchTerminalData(account: UserChallenge): Promise<TerminalData> {

Parsing ecmascript source code failed

Import traces:
  Client Component Browser:
    ./app/dashboard/accounts/[id]/page.tsx [Client Component Browser]
    ./app/dashboard/accounts/[id]/page.tsx [Server Component]

  Client Component SSR:
    ./app/dashboard/accounts/[id]/page.tsx [Client Component SSR]
    ./app/dashboard/accounts/[id]/page.tsx [Server Component] 
[browser] ./app/dashboard/accounts/[id]/page.tsx:64:3
Return statement is not allowed here
  62 |     if (!error && data) return data
  63 |   }
> 64 |   return []
     |   ^^^^^^^^^
  65 | }
  66 |
  67 | async function fetchTerminalData(account: UserChallenge): Promise<TerminalData> {

Parsing ecmascript source code failed

Import traces:
  Client Component Browser:
    ./app/dashboard/accounts/[id]/page.tsx [Client Component Browser]
    ./app/dashboard/accounts/[id]/page.tsx [Server Component]

  Client Component SSR:
    ./app/dashboard/accounts/[id]/page.tsx [Client Component SSR]
    ./app/dashboard/accounts/[id]/page.tsx [Server Component] 
[browser] ./app/dashboard/accounts/[id]/page.tsx:64:3
Return statement is not allowed here
  62 |     if (!error && data) return data
  63 |   }
> 64 |   return []
     |   ^^^^^^^^^
  65 | }
  66 |
  67 | async function fetchTerminalData(account: UserChallenge): Promise<TerminalData> {

Parsing ecmascript source code failed

Import traces:
  Client Component Browser:
    ./app/dashboard/accounts/[id]/page.tsx [Client Component Browser]
    ./app/dashboard/accounts/[id]/page.tsx [Server Component]

  Client Component SSR:
    ./app/dashboard/accounts/[id]/page.tsx [Client Component SSR]
    ./app/dashboard/accounts/[id]/page.tsx [Server Component] 
[browser] ./app/dashboard/accounts/[id]/page.tsx:64:3
Return statement is not allowed here
  62 |     if (!error && data) return data
  63 |   }
> 64 |   return []
     |   ^^^^^^^^^
  65 | }
  66 |
  67 | async function fetchTerminalData(account: UserChallenge): Promise<TerminalData> {

Parsing ecmascript source code failed

Import traces:
  Client Component Browser:
    ./app/dashboard/accounts/[id]/page.tsx [Client Component Browser]
    ./app/dashboard/accounts/[id]/page.tsx [Server Component]

  Client Component SSR:
    ./app/dashboard/accounts/[id]/page.tsx [Client Component SSR]
    ./app/dashboard/accounts/[id]/page.tsx [Server Component] 
[browser] ./app/dashboard/accounts/[id]/page.tsx:64:3
Return statement is not allowed here
  62 |     if (!error && data) return data
  63 |   }
> 64 |   return []
     |   ^^^^^^^^^
  65 | }
  66 |
  67 | async function fetchTerminalData(account: UserChallenge): Promise<TerminalData> {

Parsing ecmascript source code failed

Import traces:
  Client Component Browser:
    ./app/dashboard/accounts/[id]/page.tsx [Client Component Browser]
    ./app/dashboard/accounts/[id]/page.tsx [Server Component]

  Client Component SSR:
    ./app/dashboard/accounts/[id]/page.tsx [Client Component SSR]
    ./app/dashboard/accounts/[id]/page.tsx [Server Component] 
[browser] ./app/dashboard/accounts/[id]/page.tsx:64:3
Return statement is not allowed here
  62 |     if (!error && data) return data
  63 |   }
> 64 |   return []
     |   ^^^^^^^^^
  65 | }
  66 |
  67 | async function fetchTerminalData(account: UserChallenge): Promise<TerminalData> {

Parsing ecmascript source code failed

Import traces:
  Client Component Browser:
    ./app/dashboard/accounts/[id]/page.tsx [Client Component Browser]
    ./app/dashboard/accounts/[id]/page.tsx [Server Component]

  Client Component SSR:
    ./app/dashboard/accounts/[id]/page.tsx [Client Component SSR]
    ./app/dashboard/accounts/[id]/page.tsx [Server Component] 
[browser] ./app/dashboard/accounts/[id]/page.tsx:64:3
Return statement is not allowed here
  62 |     if (!error && data) return data
  63 |   }
> 64 |   return []
     |   ^^^^^^^^^
  65 | }
  66 |
  67 | async function fetchTerminalData(account: UserChallenge): Promise<TerminalData> {

Parsing ecmascript source code failed

Import traces:
  Client Component Browser:
    ./app/dashboard/accounts/[id]/page.tsx [Client Component Browser]
    ./app/dashboard/accounts/[id]/page.tsx [Server Component]

  Client Component SSR:
    ./app/dashboard/accounts/[id]/page.tsx [Client Component SSR]
    ./app/dashboard/accounts/[id]/page.tsx [Server Component] 
[browser] Detected `scroll-behavior: smooth` on the `<html>` element. To disable smooth scrolling during route transitions, add `data-scroll-behavior="smooth"` to your <html> element. Learn more: https://nextjs.org/docs/messages/missing-data-scroll-behavior
[browser] Uncaught TypeError: Cannot read properties of undefined (reading 'length')
    at buildMetrics (app/dashboard/accounts/[id]/page.tsx:207:77)
    at AccountTerminalPage.useMemo[metrics] (app/dashboard/accounts/[id]/page.tsx:348:43)
    at AccountTerminalPage (app/dashboard/accounts/[id]/page.tsx:348:26)
  205 | ..., ['margin_usage'], 0),
  206 | ...er(row, ['liquidation_buffer'], 0),
> 207 | ...ow, ['pending_orders'], data.pendingOrders.length),
      |                                               ^
  208 | ...'open_risk'], data.positions.reduce((sum, pos) => sum + Math.abs(metricNumber(pos, ['s...
  209 | ...ow, ['total_exposure'], data.positions.reduce((sum, pos) => sum + Math.abs(metricNumbe...
  210 | ...ns.length ? metricString(data.positions[0], ['symbol'], empty) : metricString(row, ['l...
⚠ Fast Refresh had to perform a full reload due to a runtime error.
⚠ Fast Refresh had to perform a full reload due to a runtime error.
[browser] Uncaught ReferenceError: MiniCurve is not defined
    at AccountTerminalPage (app/dashboard/accounts/[id]/page.tsx:604:42)
  602 |
  603 |         <div className="grid gap-5 lg:grid-cols-2">
> 604 |           <Section title="Equity Curve"><MiniCurve rows={terminalData.equityCurve} fallba...
      |                                          ^
  605 |           <Section title="Daily PnL Calendar"><CalendarGrid rows={terminalData.dailyPnl} ...
  606 |         </div>
  607 |
⚠ Fast Refresh had to perform a full reload due to a runtime error.
⚠ Fast Refresh had to perform a full reload due to a runtime error.
⚠ Fast Refresh had to perform a full reload due to a runtime error.
⚠ Fast Refresh had to perform a full reload due to a runtime error.
⚠ Fast Refresh had to perform a full reload due to a runtime error.
⚠ Fast Refresh had to perform a full reload due to a runtime error.
⚠ Fast Refresh had to perform a full reload due to a runtime error.
⚠ Fast Refresh had to perform a full reload due to a runtime error.
⚠ Fast Refresh had to perform a full reload due to a runtime error.
⚠ Fast Refresh had to perform a full reload due to a runtime error.
⚠ Fast Refresh had to perform a full reload due to a runtime error.
⚠ Fast Refresh had to perform a full reload due to a runtime error.
[browser] Detected `scroll-behavior: smooth` on the `<html>` element. To disable smooth scrolling during route transitions, add `data-scroll-behavior="smooth"` to your <html> element. Learn more: https://nextjs.org/docs/messages/missing-data-scroll-behavior
[browser] Detected `scroll-behavior: smooth` on the `<html>` element. To disable smooth scrolling during route transitions, add `data-scroll-behavior="smooth"` to your <html> element. Learn more: https://nextjs.org/docs/messages/missing-data-scroll-behavior
⨯ ./app/dashboard/accounts/[id]/page.tsx:415:9
cannot reassign to a variable declared with `const`
  [90m413 |[0m       [36mif[0m (isFailed && found.status === [32m'active'[0m) {
  [90m414 |[0m         [36mawait[0m supabase.[36mfrom[0m([32m'user_challenges'[0m).update({ status: [32m'failed'[0m }).eq([32m'id'[0m, foun...
[31m[1m>[0m [90m415 |[0m         found = { ...found, status: [32m'failed'[0m }
  [90m    |[0m         [31m[1m^^^^^[0m
  [90m416 |[0m       }
  [90m417 |[0m       [36mif[0m (isFailed && data.state && (data.positions.length > [35m0[0m || data.pendingOrders.leng...
  [90m418 |[0m         [36mawait[0m supabase

Ecmascript file had an error

Import traces:
  Client Component Browser:
    ./app/dashboard/accounts/[id]/page.tsx [Client Component Browser]
    ./app/dashboard/accounts/[id]/page.tsx [Server Component]

  Client Component SSR:
    ./app/dashboard/accounts/[id]/page.tsx [Client Component SSR]
    ./app/dashboard/accounts/[id]/page.tsx [Server Component]


[browser] ./app/dashboard/accounts/[id]/page.tsx:415:9
cannot reassign to a variable declared with `const`
  413 |       if (isFailed && found.status === 'active') {
  414 |         await supabase.from('user_challenges').update({ status: 'failed' }).eq('id', foun...
> 415 |         found = { ...found, status: 'failed' }
      |         ^^^^^
  416 |       }
  417 |       if (isFailed && data.state && (data.positions.length > 0 || data.pendingOrders.leng...
  418 |         await supabase

Ecmascript file had an error

Import traces:
  Client Component Browser:
    ./app/dashboard/accounts/[id]/page.tsx [Client Component Browser]
    ./app/dashboard/accounts/[id]/page.tsx [Server Component]

  Client Component SSR:
    ./app/dashboard/accounts/[id]/page.tsx [Client Component SSR]
    ./app/dashboard/accounts/[id]/page.tsx [Server Component] 
⨯ ./app/dashboard/accounts/[id]/page.tsx:415:9
cannot reassign to a variable declared with `const`
  [90m413 |[0m       [36mif[0m (isFailed && found.status === [32m'active'[0m) {
  [90m414 |[0m         [36mawait[0m supabase.[36mfrom[0m([32m'user_challenges'[0m).update({ status: [32m'failed'[0m }).eq([32m'id'[0m, foun...
[31m[1m>[0m [90m415 |[0m         found = { ...found, status: [32m'failed'[0m }
  [90m    |[0m         [31m[1m^^^^^[0m
  [90m416 |[0m       }
  [90m417 |[0m       [36mif[0m (isFailed && data.state && (data.positions.length > [35m0[0m || data.pendingOrders.leng...
  [90m418 |[0m         [36mawait[0m supabase

Ecmascript file had an error

Import traces:
  Client Component Browser:
    ./app/dashboard/accounts/[id]/page.tsx [Client Component Browser]
    ./app/dashboard/accounts/[id]/page.tsx [Server Component]

  Client Component SSR:
    ./app/dashboard/accounts/[id]/page.tsx [Client Component SSR]
    ./app/dashboard/accounts/[id]/page.tsx [Server Component]


[browser] Uncaught Error: ./app/dashboard/accounts/[id]/page.tsx:415:9
cannot reassign to a variable declared with `const`
  413 |       if (isFailed && found.status === 'active') {
  414 |         await supabase.from('user_challenges').update({ status: 'failed' }).eq('id', foun...
> 415 |         found = { ...found, status: 'failed' }
      |         ^^^^^
  416 |       }
  417 |       if (isFailed && data.state && (data.positions.length > 0 || data.pendingOrders.leng...
  418 |         await supabase

Ecmascript file had an error

Import traces:
  Client Component Browser:
    ./app/dashboard/accounts/[id]/page.tsx [Client Component Browser]
    ./app/dashboard/accounts/[id]/page.tsx [Server Component]

  Client Component SSR:
    ./app/dashboard/accounts/[id]/page.tsx [Client Component SSR]
    ./app/dashboard/accounts/[id]/page.tsx [Server Component]


    at <unknown> (Error: ./app/dashboard/accounts/[id]/page.tsx:415:9)
    at <unknown> (Error: (./app/dashboard/accounts/[id]/page.tsx:415:9)
[browser] ./app/dashboard/accounts/[id]/page.tsx:415:9
cannot reassign to a variable declared with `const`
  413 |       if (isFailed && found.status === 'active') {
  414 |         await supabase.from('user_challenges').update({ status: 'failed' }).eq('id', foun...
> 415 |         found = { ...found, status: 'failed' }
      |         ^^^^^
  416 |       }
  417 |       if (isFailed && data.state && (data.positions.length > 0 || data.pendingOrders.leng...
  418 |         await supabase

Ecmascript file had an error

Import traces:
  Client Component Browser:
    ./app/dashboard/accounts/[id]/page.tsx [Client Component Browser]
    ./app/dashboard/accounts/[id]/page.tsx [Server Component]

  Client Component SSR:
    ./app/dashboard/accounts/[id]/page.tsx [Client Component SSR]
    ./app/dashboard/accounts/[id]/page.tsx [Server Component] 
[browser] ./app/dashboard/accounts/[id]/page.tsx:415:9
cannot reassign to a variable declared with `const`
  413 |       if (isFailed && found.status === 'active') {
  414 |         await supabase.from('user_challenges').update({ status: 'failed' }).eq('id', foun...
> 415 |         found = { ...found, status: 'failed' }
      |         ^^^^^
  416 |       }
  417 |       if (isFailed && data.state && (data.positions.length > 0 || data.pendingOrders.leng...
  418 |         await supabase

Ecmascript file had an error

Import traces:
  Client Component Browser:
    ./app/dashboard/accounts/[id]/page.tsx [Client Component Browser]
    ./app/dashboard/accounts/[id]/page.tsx [Server Component]

  Client Component SSR:
    ./app/dashboard/accounts/[id]/page.tsx [Client Component SSR]
    ./app/dashboard/accounts/[id]/page.tsx [Server Component] 
[browser] ./app/dashboard/accounts/[id]/page.tsx:415:9
cannot reassign to a variable declared with `const`
  413 |       if (isFailed && found.status === 'active') {
  414 |         await supabase.from('user_challenges').update({ status: 'failed' }).eq('id', foun...
> 415 |         found = { ...found, status: 'failed' }
      |         ^^^^^
  416 |       }
  417 |       if (isFailed && data.state && (data.positions.length > 0 || data.pendingOrders.leng...
  418 |         await supabase

Ecmascript file had an error

Import traces:
  Client Component Browser:
    ./app/dashboard/accounts/[id]/page.tsx [Client Component Browser]
    ./app/dashboard/accounts/[id]/page.tsx [Server Component]

  Client Component SSR:
    ./app/dashboard/accounts/[id]/page.tsx [Client Component SSR]
    ./app/dashboard/accounts/[id]/page.tsx [Server Component] 
[browser] Uncaught Error: ./app/dashboard/accounts/[id]/page.tsx:415:9
cannot reassign to a variable declared with `const`
  413 |       if (isFailed && found.status === 'active') {
  414 |         await supabase.from('user_challenges').update({ status: 'failed' }).eq('id', foun...
> 415 |         found = { ...found, status: 'failed' }
      |         ^^^^^
  416 |       }
  417 |       if (isFailed && data.state && (data.positions.length > 0 || data.pendingOrders.leng...
  418 |         await supabase

Ecmascript file had an error

Import traces:
  Client Component Browser:
    ./app/dashboard/accounts/[id]/page.tsx [Client Component Browser]
    ./app/dashboard/accounts/[id]/page.tsx [Server Component]

  Client Component SSR:
    ./app/dashboard/accounts/[id]/page.tsx [Client Component SSR]
    ./app/dashboard/accounts/[id]/page.tsx [Server Component]


    at <unknown> (Error: ./app/dashboard/accounts/[id]/page.tsx:415:9)
    at <unknown> (Error: (./app/dashboard/accounts/[id]/page.tsx:415:9)
[browser] ./app/dashboard/accounts/[id]/page.tsx:415:9
cannot reassign to a variable declared with `const`
  413 |       if (isFailed && found.status === 'active') {
  414 |         await supabase.from('user_challenges').update({ status: 'failed' }).eq('id', foun...
> 415 |         found = { ...found, status: 'failed' }
      |         ^^^^^
  416 |       }
  417 |       if (isFailed && data.state && (data.positions.length > 0 || data.pendingOrders.leng...
  418 |         await supabase

Ecmascript file had an error

Import traces:
  Client Component Browser:
    ./app/dashboard/accounts/[id]/page.tsx [Client Component Browser]
    ./app/dashboard/accounts/[id]/page.tsx [Server Component]

  Client Component SSR:
    ./app/dashboard/accounts/[id]/page.tsx [Client Component SSR]
    ./app/dashboard/accounts/[id]/page.tsx [Server Component] 
[browser] ./app/dashboard/accounts/[id]/page.tsx:415:9
cannot reassign to a variable declared with `const`
  413 |       if (isFailed && found.status === 'active') {
  414 |         await supabase.from('user_challenges').update({ status: 'failed' }).eq('id', foun...
> 415 |         found = { ...found, status: 'failed' }
      |         ^^^^^
  416 |       }
  417 |       if (isFailed && data.state && (data.positions.length > 0 || data.pendingOrders.leng...
  418 |         await supabase

Ecmascript file had an error

Import traces:
  Client Component Browser:
    ./app/dashboard/accounts/[id]/page.tsx [Client Component Browser]
    ./app/dashboard/accounts/[id]/page.tsx [Server Component]

  Client Component SSR:
    ./app/dashboard/accounts/[id]/page.tsx [Client Component SSR]
    ./app/dashboard/accounts/[id]/page.tsx [Server Component] 
[browser] Detected `scroll-behavior: smooth` on the `<html>` element. To disable smooth scrolling during route transitions, add `data-scroll-behavior="smooth"` to your <html> element. Learn more: https://nextjs.org/docs/messages/missing-data-scroll-behavior
[browser] Detected `scroll-behavior: smooth` on the `<html>` element. To disable smooth scrolling during route transitions, add `data-scroll-behavior="smooth"` to your <html> element. Learn more: https://nextjs.org/docs/messages/missing-data-scroll-behavior
[browser] Uncaught ReferenceError: Cannot access 'isFailedStatus' before initialization
    at <unknown> (app/dashboard/page.tsx:96:37)
    at Array.filter (<anonymous>)
    at DashboardPage (app/dashboard/page.tsx:96:22)
  94 |   const q = query.toLowerCase().trim()
  95 |   const searchableChallenges = hideFailed
> 96 |     ? userChallenges.filter((uc) => !isFailedStatus(uc.status))
     |                                     ^
  97 |     : userChallenges
  98 |   const filteredChallenges = q
  99 |     ? searchableChallenges.filter((uc) => {
⚠ Fast Refresh had to perform a full reload due to a runtime error.
[browser] In HTML, <a> cannot be a descendant of <a>.
This will cause a hydration error.

  ...
    <SegmentViewNode type="page" pagePath="dashboard/...">
      <SegmentTrieNode>
      <ClientPageRoot Component={function DashboardPage} serverProvidedParams={{...}}>
        <DashboardPage params={Promise} searchParams={Promise}>
          <DashboardLayout userEmail="dennisbigb..." userAvatar="https://lh..." userId="99895e92-8..." ...>
            <div className="propdao-au...">
              <header>
              <main className="max-w-7xl ...">
                <div className="space-y-6">
                  <div>
                  <div>
                  <div className="propdao-su...">
                    <div>
                    <div>
                    <div className="space-y-6">
                      <div>
                        <div>
                        <div className="divide-y d...">
                          <LinkComponent href="/dashboard..." className="flex items...">
>                           <a
>                             className="flex items-center justify-between gap-4 rounded-xl px-3 py-3 transition-color..."
>                             ref={function}
>                             onClick={function onClick}
>                             onMouseEnter={function onMouseEnter}
>                             onTouchStart={function onTouchStart}
>                             href="/dashboard/accounts/8bc85ae7-0fe9-4968-b867-db3142eb1556"
>                           >
                              <div>
                              <div className="flex items...">
                                <span>
>                               <a
>                                 href="http://localhost:3001/?account=PROP-493F4C27"
>                                 target="_blank"
>                                 rel="noopener noreferrer"
>                                 onClick={function onClick}
>                                 className="text-xs text-text-secondary hover:text-primary transition-colors"
>                               >
                          ...
                      ...
    ...
 
    at Set.forEach (<anonymous>) (<anonymous>)
[browser] <a> cannot contain a nested <a>.
See this log for the ancestor stack trace. 
    at Set.forEach (<anonymous>) (<anonymous>)
[browser] In HTML, <a> cannot be a descendant of <a>.
This will cause a hydration error.

  ...
    <SegmentViewNode type="page" pagePath="dashboard/...">
      <SegmentTrieNode>
      <ClientPageRoot Component={function DashboardPage} serverProvidedParams={{...}}>
        <DashboardPage params={Promise} searchParams={Promise}>
          <DashboardLayout userEmail="dennisbigb..." userAvatar="https://lh..." userId="99895e92-8..." ...>
            <div className="propdao-au...">
              <header>
              <main className="max-w-7xl ...">
                <div className="space-y-6">
                  <div>
                  <div>
                  <div className="propdao-su...">
                    <div>
                    <div>
                    <div className="space-y-6">
                      <div>
                        <div>
                        <div className="divide-y d...">
                          <LinkComponent href="/dashboard..." className="flex items...">
>                           <a
>                             className="flex items-center justify-between gap-4 rounded-xl px-3 py-3 transition-color..."
>                             ref={function}
>                             onClick={function onClick}
>                             onMouseEnter={function onMouseEnter}
>                             onTouchStart={function onTouchStart}
>                             href="/dashboard/accounts/8bc85ae7-0fe9-4968-b867-db3142eb1556"
>                           >
                              <div>
                              <div className="flex items...">
                                <span>
>                               <a
>                                 href="http://localhost:3001/?account=PROP-493F4C27"
>                                 target="_blank"
>                                 rel="noopener noreferrer"
>                                 onClick={function onClick}
>                                 className="text-xs text-text-secondary hover:text-primary transition-colors"
>                               >
                          ...
                      ...
    ...
 
[browser] <a> cannot contain a nested <a>.
See this log for the ancestor stack trace. 
[browser] In HTML, <a> cannot be a descendant of <a>.
This will cause a hydration error.

  ...
    <SegmentViewNode type="page" pagePath="dashboard/...">
      <SegmentTrieNode>
      <ClientPageRoot Component={function DashboardPage} serverProvidedParams={{...}}>
        <DashboardPage params={Promise} searchParams={Promise}>
          <DashboardLayout userEmail="dennisbigb..." userAvatar="https://lh..." userId="99895e92-8..." ...>
            <div className="propdao-au...">
              <header>
              <main className="max-w-7xl ...">
                <div className="space-y-6">
                  <div>
                  <div>
                  <div className="propdao-su...">
                    <div>
                    <div>
                    <div className="space-y-6">
                      <div>
                        <div>
                        <div className="divide-y d...">
                          <LinkComponent href="/dashboard..." className="flex items...">
>                           <a
>                             className="flex items-center justify-between gap-4 rounded-xl px-3 py-3 transition-color..."
>                             ref={function}
>                             onClick={function onClick}
>                             onMouseEnter={function onMouseEnter}
>                             onTouchStart={function onTouchStart}
>                             href="/dashboard/accounts/8bc85ae7-0fe9-4968-b867-db3142eb1556"
>                           >
                              <div>
                              <div className="flex items...">
                                <span>
>                               <a
>                                 href="http://localhost:3001/?account=PROP-493F4C27"
>                                 target="_blank"
>                                 rel="noopener noreferrer"
>                                 onClick={function onClick}
>                                 className="text-xs text-text-secondary hover:text-primary transition-colors"
>                               >
                          ...
                      ...
    ...
 
    at Set.forEach (<anonymous>) (<anonymous>)
[browser] <a> cannot contain a nested <a>.
See this log for the ancestor stack trace. 
    at Set.forEach (<anonymous>) (<anonymous>)
[browser] Detected `scroll-behavior: smooth` on the `<html>` element. To disable smooth scrolling during route transitions, add `data-scroll-behavior="smooth"` to your <html> element. Learn more: https://nextjs.org/docs/messages/missing-data-scroll-behavior
[browser] Detected `scroll-behavior: smooth` on the `<html>` element. To disable smooth scrolling during route transitions, add `data-scroll-behavior="smooth"` to your <html> element. Learn more: https://nextjs.org/docs/messages/missing-data-scroll-behavior
⚠ Blocked cross-origin request to Next.js dev resource /_next/webpack-hmr from "127.0.0.1".
Cross-origin access to Next.js dev resources is blocked by default for safety.

To allow this host in development, add it to "allowedDevOrigins" in next.config.js and restart the dev server:

// next.config.js
module.exports = {
  allowedDevOrigins: ['127.0.0.1'],
}

Read more: https://nextjs.org/docs/app/api-reference/config/next-config-js/allowedDevOrigins
[browser] Detected `scroll-behavior: smooth` on the `<html>` element. To disable smooth scrolling during route transitions, add `data-scroll-behavior="smooth"` to your <html> element. Learn more: https://nextjs.org/docs/messages/missing-data-scroll-behavior
⚠ Fast Refresh had to perform a full reload due to a runtime error.
[browser] Detected `scroll-behavior: smooth` on the `<html>` element. To disable smooth scrolling during route transitions, add `data-scroll-behavior="smooth"` to your <html> element. Learn more: https://nextjs.org/docs/messages/missing-data-scroll-behavior
[browser] Detected `scroll-behavior: smooth` on the `<html>` element. To disable smooth scrolling during route transitions, add `data-scroll-behavior="smooth"` to your <html> element. Learn more: https://nextjs.org/docs/messages/missing-data-scroll-behavior
[browser] Detected `scroll-behavior: smooth` on the `<html>` element. To disable smooth scrolling during route transitions, add `data-scroll-behavior="smooth"` to your <html> element. Learn more: https://nextjs.org/docs/messages/missing-data-scroll-behavior
[browser] Detected `scroll-behavior: smooth` on the `<html>` element. To disable smooth scrolling during route transitions, add `data-scroll-behavior="smooth"` to your <html> element. Learn more: https://nextjs.org/docs/messages/missing-data-scroll-behavior
[browser] Detected `scroll-behavior: smooth` on the `<html>` element. To disable smooth scrolling during route transitions, add `data-scroll-behavior="smooth"` to your <html> element. Learn more: https://nextjs.org/docs/messages/missing-data-scroll-behavior
[browser] Detected `scroll-behavior: smooth` on the `<html>` element. To disable smooth scrolling during route transitions, add `data-scroll-behavior="smooth"` to your <html> element. Learn more: https://nextjs.org/docs/messages/missing-data-scroll-behavior
[browser] Detected `scroll-behavior: smooth` on the `<html>` element. To disable smooth scrolling during route transitions, add `data-scroll-behavior="smooth"` to your <html> element. Learn more: https://nextjs.org/docs/messages/missing-data-scroll-behavior
[browser] Detected `scroll-behavior: smooth` on the `<html>` element. To disable smooth scrolling during route transitions, add `data-scroll-behavior="smooth"` to your <html> element. Learn more: https://nextjs.org/docs/messages/missing-data-scroll-behavior
[browser] Detected `scroll-behavior: smooth` on the `<html>` element. To disable smooth scrolling during route transitions, add `data-scroll-behavior="smooth"` to your <html> element. Learn more: https://nextjs.org/docs/messages/missing-data-scroll-behavior
[browser] Detected `scroll-behavior: smooth` on the `<html>` element. To disable smooth scrolling during route transitions, add `data-scroll-behavior="smooth"` to your <html> element. Learn more: https://nextjs.org/docs/messages/missing-data-scroll-behavior
⚠ Fast Refresh had to perform a full reload due to a runtime error.
⚠ Fast Refresh had to perform a full reload due to a runtime error.
⚠ Fast Refresh had to perform a full reload due to a runtime error.
[browser] Detected `scroll-behavior: smooth` on the `<html>` element. To disable smooth scrolling during route transitions, add `data-scroll-behavior="smooth"` to your <html> element. Learn more: https://nextjs.org/docs/messages/missing-data-scroll-behavior
[browser] Detected `scroll-behavior: smooth` on the `<html>` element. To disable smooth scrolling during route transitions, add `data-scroll-behavior="smooth"` to your <html> element. Learn more: https://nextjs.org/docs/messages/missing-data-scroll-behavior
[browser] ⨯ unhandledRejection: Error: cannot add `postgres_changes` callbacks for realtime:payout_live_prop-493f4c27 after `subscribe()`.
    at PayoutRequestPage.useEffect.load (app/dashboard/accounts/[id]/payout/page.tsx:112:10)
  110 |       realtimeSub = supabase
  111 |         .channel(`payout_live_${accId}`)
> 112 |         .on(
      |          ^
  113 |           'postgres_changes',
  114 |           { event: 'UPDATE', schema: 'public', table: 'prop_account_states', filter: `acc...
  115 |           (payload) => {
[browser] Detected `scroll-behavior: smooth` on the `<html>` element. To disable smooth scrolling during route transitions, add `data-scroll-behavior="smooth"` to your <html> element. Learn more: https://nextjs.org/docs/messages/missing-data-scroll-behavior
[browser] Detected `scroll-behavior: smooth` on the `<html>` element. To disable smooth scrolling during route transitions, add `data-scroll-behavior="smooth"` to your <html> element. Learn more: https://nextjs.org/docs/messages/missing-data-scroll-behavior
[browser] ⨯ unhandledRejection: Error: cannot add `postgres_changes` callbacks for realtime:prop_account_states_live after `subscribe()`.
    at DashboardPage.useEffect.checkAuth (app/dashboard/page.tsx:83:10)
  81 |       realtimeSub = supabase
  82 |         .channel('prop_account_states_live')
> 83 |         .on(
     |          ^
  84 |           'postgres_changes',
  85 |           { event: '*', schema: 'public', table: 'prop_account_states', filter: `user_id=e...
  86 |           (payload) => {
[browser] Detected `scroll-behavior: smooth` on the `<html>` element. To disable smooth scrolling during route transitions, add `data-scroll-behavior="smooth"` to your <html> element. Learn more: https://nextjs.org/docs/messages/missing-data-scroll-behavior
[browser] Detected `scroll-behavior: smooth` on the `<html>` element. To disable smooth scrolling during route transitions, add `data-scroll-behavior="smooth"` to your <html> element. Learn more: https://nextjs.org/docs/messages/missing-data-scroll-behavior
[browser] Detected `scroll-behavior: smooth` on the `<html>` element. To disable smooth scrolling during route transitions, add `data-scroll-behavior="smooth"` to your <html> element. Learn more: https://nextjs.org/docs/messages/missing-data-scroll-behavior
[browser] Detected `scroll-behavior: smooth` on the `<html>` element. To disable smooth scrolling during route transitions, add `data-scroll-behavior="smooth"` to your <html> element. Learn more: https://nextjs.org/docs/messages/missing-data-scroll-behavior
[browser] Detected `scroll-behavior: smooth` on the `<html>` element. To disable smooth scrolling during route transitions, add `data-scroll-behavior="smooth"` to your <html> element. Learn more: https://nextjs.org/docs/messages/missing-data-scroll-behavior
[browser] Detected `scroll-behavior: smooth` on the `<html>` element. To disable smooth scrolling during route transitions, add `data-scroll-behavior="smooth"` to your <html> element. Learn more: https://nextjs.org/docs/messages/missing-data-scroll-behavior
[browser] Uncaught Error: useConnectedWallets must be used within <ThirdwebProvider>
    at CheckoutExperience (src/components/PurchaseModal.tsx:355:11)
    at PurchaseModal (src/components/PurchaseModal.tsx:594:13)
    at ChallengesContent (app/marketplace/page.tsx:165:9)
    at ChallengesPage (app/marketplace/page.tsx:56:7)
  353 |       <div style={{ borderRadius: 14, overflow: 'hidden', border: '1px solid #1e2720', bo...
  354 |         <QueryClientProvider client={queryClient}>
> 355 |           <CheckoutWidget
      |           ^
  356 |             key={selected.key}
  357 |             client={thirdwebClient}
  358 |             currency="USD"
⨯ Error: Module [project]/node_modules/thirdweb/dist/esm/react/web/providers/thirdweb-provider.js [app-ssr] (ecmascript) was instantiated because it was required from module [project]/src/components/PurchaseModal.tsx [app-ssr] (ecmascript), but the module factory is not available.
This is often caused by a stale browser cache, misconfigured Cache-Control headers, or a service worker serving outdated responses.
To fix this, make sure your Cache-Control headers allow revalidation of chunks and review your service worker configuration. As an immediate workaround, try hard-reloading the page, clearing the browser cache, or unregistering any service workers.
    at module evaluation (src\components\PurchaseModal.tsx:6:1)
    at module evaluation (app\marketplace\page.tsx:10:1)
  4 | import { useRouter } from 'next/navigation'
  5 | import { QueryClient, QueryClientProvider } from '@tanstack/react-query'
> 6 | import { CheckoutWidget, ThirdwebProvider } from 'thirdweb/react'
    | ^
  7 | import { createThirdwebClient, defineChain } from 'thirdweb'
  8 | import { createWallet } from 'thirdweb/wallets'
  9 | {
  digest: '2488661101'
}
⨯ Error: Module [project]/node_modules/thirdweb/dist/esm/react/web/providers/thirdweb-provider.js [app-ssr] (ecmascript) was instantiated because it was required from module [project]/src/components/PurchaseModal.tsx [app-ssr] (ecmascript), but the module factory is not available.
This is often caused by a stale browser cache, misconfigured Cache-Control headers, or a service worker serving outdated responses.
To fix this, make sure your Cache-Control headers allow revalidation of chunks and review your service worker configuration. As an immediate workaround, try hard-reloading the page, clearing the browser cache, or unregistering any service workers.
    at module evaluation (src\components\PurchaseModal.tsx:6:1)
    at module evaluation (app\marketplace\page.tsx:10:1)
  4 | import { useRouter } from 'next/navigation'
  5 | import { QueryClient, QueryClientProvider } from '@tanstack/react-query'
> 6 | import { CheckoutWidget, ThirdwebProvider } from 'thirdweb/react'
    | ^
  7 | import { createThirdwebClient, defineChain } from 'thirdweb'
  8 | import { createWallet } from 'thirdweb/wallets'
  9 | {
  digest: '2488661101'
}
[browser] Detected `scroll-behavior: smooth` on the `<html>` element. To disable smooth scrolling during route transitions, add `data-scroll-behavior="smooth"` to your <html> element. Learn more: https://nextjs.org/docs/messages/missing-data-scroll-behavior
[browser] ./src/components/PurchaseModal.tsx:770:1
Unexpected token. Did you mean `{'}'}` or `&rbrace;`?
  768 |     </div>
  769 |   )
> 770 | }
      | ^
  771 |

Parsing ecmascript source code failed

Import traces:
  Client Component Browser:
    ./src/components/PurchaseModal.tsx [Client Component Browser]
    ./app/marketplace/page.tsx [Client Component Browser]
    ./app/marketplace/page.tsx [Server Component]

  Client Component SSR:
    ./src/components/PurchaseModal.tsx [Client Component SSR]
    ./app/marketplace/page.tsx [Client Component SSR]
    ./app/marketplace/page.tsx [Server Component] 
[browser] ./src/components/PurchaseModal.tsx:770:1
Unexpected token. Did you mean `{'}'}` or `&rbrace;`?
  768 |     </div>
  769 |   )
> 770 | }
      | ^
  771 |

Parsing ecmascript source code failed

Import traces:
  Client Component Browser:
    ./src/components/PurchaseModal.tsx [Client Component Browser]
    ./app/marketplace/page.tsx [Client Component Browser]
    ./app/marketplace/page.tsx [Server Component]

  Client Component SSR:
    ./src/components/PurchaseModal.tsx [Client Component SSR]
    ./app/marketplace/page.tsx [Client Component SSR]
    ./app/marketplace/page.tsx [Server Component] 
[browser] ./src/components/PurchaseModal.tsx:770:1
Unexpected token. Did you mean `{'}'}` or `&rbrace;`?
  768 |     </div>
  769 |   )
> 770 | }
      | ^
  771 |

Parsing ecmascript source code failed

Import traces:
  Client Component Browser:
    ./src/components/PurchaseModal.tsx [Client Component Browser]
    ./app/marketplace/page.tsx [Client Component Browser]
    ./app/marketplace/page.tsx [Server Component]

  Client Component SSR:
    ./src/components/PurchaseModal.tsx [Client Component SSR]
    ./app/marketplace/page.tsx [Client Component SSR]
    ./app/marketplace/page.tsx [Server Component] 
[browser] ./src/components/PurchaseModal.tsx:770:1
Unexpected token. Did you mean `{'}'}` or `&rbrace;`?
  768 |     </div>
  769 |   )
> 770 | }
      | ^
  771 |

Parsing ecmascript source code failed

Import traces:
  Client Component Browser:
    ./src/components/PurchaseModal.tsx [Client Component Browser]
    ./app/marketplace/page.tsx [Client Component Browser]
    ./app/marketplace/page.tsx [Server Component]

  Client Component SSR:
    ./src/components/PurchaseModal.tsx [Client Component SSR]
    ./app/marketplace/page.tsx [Client Component SSR]
    ./app/marketplace/page.tsx [Server Component] 
[browser] ./src/components/PurchaseModal.tsx:770:1
Unexpected token. Did you mean `{'}'}` or `&rbrace;`?
  768 |     </div>
  769 |   )
> 770 | }
      | ^
  771 |

Parsing ecmascript source code failed

Import traces:
  Client Component Browser:
    ./src/components/PurchaseModal.tsx [Client Component Browser]
    ./app/marketplace/page.tsx [Client Component Browser]
    ./app/marketplace/page.tsx [Server Component]

  Client Component SSR:
    ./src/components/PurchaseModal.tsx [Client Component SSR]
    ./app/marketplace/page.tsx [Client Component SSR]
    ./app/marketplace/page.tsx [Server Component] 
[browser] Detected `scroll-behavior: smooth` on the `<html>` element. To disable smooth scrolling during route transitions, add `data-scroll-behavior="smooth"` to your <html> element. Learn more: https://nextjs.org/docs/messages/missing-data-scroll-behavior
